2025-04-22 14:00:31,105 - __main__ - INFO - Overriding recipe limit to 1000
2025-04-22 14:00:31,106 - data_loader - INFO - Loading recipe data from D:\chatbot-project\recipe_bot_project\data\recipes_raw_nosource_epi.json
2025-04-22 14:00:31,108 - data_loader - INFO - Detected encoding: ascii with confidence 1.0
2025-04-22 14:00:31,109 - data_loader - INFO - Loading JSON with encoding: ascii
2025-04-22 14:00:31,110 - data_loader - INFO - Detected JSON Object format. Converting to list.
2025-04-22 14:00:31,358 - data_loader - INFO - Limited dataset to 1000 recipes
2025-04-22 14:00:31,359 - data_loader - INFO - Checking and mapping columns...
2025-04-22 14:00:31,359 - data_loader - INFO - Using 'title' for recipe name.
2025-04-22 14:00:31,360 - data_loader - INFO - Using 'ingredients' for ingredients.
2025-04-22 14:00:31,360 - data_loader - INFO - Using 'instructions' for instructions.
2025-04-22 14:00:31,361 - data_loader - INFO - Standardized DataFrame columns: ['name', 'ingredients', 'instructions', 'id']
2025-04-22 14:00:31,362 - data_loader - INFO - Standardized ingredients column to list format.
2025-04-22 14:00:31,409 - data_loader - INFO - Cleaned ingredient text.
2025-04-22 14:00:31,410 - data_loader - INFO - Successfully loaded and processed 1000 recipes in 0.30 seconds
2025-04-22 14:00:31,435 - __main__ - INFO - 'cleaned_ingredients' column not found. Running ingredient cleaning...
2025-04-22 14:00:31,435 - data_cleaner - INFO - Applying cleaning to column 'ingredients' to create 'cleaned_ingredients'
2025-04-22 14:00:34,355 - data_cleaner - INFO - Finished applying cleaning.
2025-04-22 14:00:34,356 - __main__ - INFO - 'cleaned_ingredients' column added.
2025-04-22 14:00:34,356 - __main__ - INFO - Loaded 1000 recipes in 3.25 seconds
2025-04-22 14:00:34,418 - __main__ - INFO - Extracted 5551 unique canonical ingredients
2025-04-22 14:00:34,419 - __main__ - INFO - Processing user input: 'Show me vegetarian meals'
2025-04-22 14:00:34,457 - __main__ - INFO - Parsed query result: Intent=find_recipe, Include=[], Exclude=[], Dietary=['vegetarian'], Category=None, Index=None, Name=None
2025-04-22 14:00:34,458 - __main__ - INFO - Searching for recipes with: include=[], exclude=[], dietary=['vegetarian'], category=None
2025-04-22 14:00:34,458 - recipe_matcher - INFO - Finding recipes with ingredients: []
2025-04-22 14:00:34,459 - recipe_matcher - INFO - Excluding ingredients: []
2025-04-22 14:00:34,459 - recipe_matcher - INFO - Dietary preferences: ['vegetarian']
2025-04-22 14:00:34,460 - recipe_matcher - INFO - Recipe category: None
2025-04-22 14:00:34,462 - recipe_matcher - INFO - Applying dietary preference filter: ['vegetarian']
2025-04-22 14:00:34,695 - recipe_matcher - INFO - Found 744 recipes meeting dietary preferences
2025-04-22 14:00:34,696 - recipe_matcher - INFO - Returning 10 matching recipes
2025-04-22 14:00:34,697 - __main__ - INFO - Recipe search returned 10 results
2025-04-22 14:00:34,697 - __main__ - INFO - Type of matching_df before to_dict: <class 'pandas.core.frame.DataFrame'>
2025-04-22 14:00:34,710 - __main__ - INFO - Processing user input: '3'
2025-04-22 14:00:34,713 - __main__ - INFO - Parsed query result: Intent=get_recipe_details, Include=['24 large chiles moritas dried bright red chipotle chiles preferably soft 3 ounces'], Exclude=[], Dietary=[], Category=None, Index=2, Name=None
2025-04-22 14:00:34,829 - __main__ - INFO - Processing user input: 'Find gluten-free desserts'
2025-04-22 14:00:34,865 - __main__ - INFO - Parsed query result: Intent=find_recipe, Include=[], Exclude=[], Dietary=['gluten-free'], Category=dessert, Index=None, Name=None
2025-04-22 14:00:34,865 - __main__ - INFO - Searching for recipes with: include=[], exclude=[], dietary=['gluten-free'], category=dessert
2025-04-22 14:00:34,866 - recipe_matcher - INFO - Finding recipes with ingredients: []
2025-04-22 14:00:34,866 - recipe_matcher - INFO - Excluding ingredients: []
2025-04-22 14:00:34,866 - recipe_matcher - INFO - Dietary preferences: ['gluten-free']
2025-04-22 14:00:34,866 - recipe_matcher - INFO - Recipe category: dessert
2025-04-22 14:00:34,867 - recipe_matcher - INFO - Filtering by category: dessert
2025-04-22 14:00:34,867 - recipe_matcher - INFO - No specific category column found, searching across multiple fields
2025-04-22 14:00:34,872 - recipe_matcher - INFO - After category filtering, found 0 recipes
2025-04-22 14:00:34,873 - recipe_matcher - INFO - Applying dietary preference filter: ['gluten-free']
2025-04-22 14:00:34,874 - recipe_matcher - INFO - Found 0 recipes meeting dietary preferences
2025-04-22 14:00:34,876 - __main__ - ERROR - Error processing user input: 'match_score'
Traceback (most recent call last):
  File "D:\chatbot-project\recipe_bot_project\main.py", line 351, in process_user_input
    matching_df = find_matching_recipes(
        include_ingredients=include_ingredients,
    ...<5 lines>...
        recipe_category=recipe_category
    )
  File "D:\chatbot-project\recipe_bot_project\recipe_matcher.py", line 394, in find_matching_recipes
    df_with_scores = df_with_scores.sort_values('match_score', ascending=False)
  File "C:\Users\megah\AppData\Local\Programs\Python\Python313\Lib\site-packages\pandas\core\frame.py", line 7189, in sort_values
    k = self._get_label_or_level_values(by[0], axis=axis)
  File "C:\Users\megah\AppData\Local\Programs\Python\Python313\Lib\site-packages\pandas\core\generic.py", line 1911, in _get_label_or_level_values
    raise KeyError(key)
KeyError: 'match_score'
2025-04-22 14:00:35,030 - __main__ - INFO - Processing user input: 'What can I make with chicken and rice'
2025-04-22 14:00:35,038 - __main__ - INFO - Parsed query result: Intent=find_recipe, Include=['dry whole-wheat couscous made from semolina which is used to make pasta', '10 chicken thighs with bone and skin', 'reduced-sodium chicken stock or broth', '4 avocados halved and pitted'], Exclude=[], Dietary=[], Category=rice, Index=None, Name=None
2025-04-22 14:00:35,039 - __main__ - INFO - Searching for recipes with: include=['dry whole-wheat couscous made from semolina which is used to make pasta', '10 chicken thighs with bone and skin', 'reduced-sodium chicken stock or broth', '4 avocados halved and pitted'], exclude=[], dietary=[], category=rice
2025-04-22 14:00:35,039 - recipe_matcher - INFO - Finding recipes with ingredients: ['dry whole-wheat couscous made from semolina which is used to make pasta', '10 chicken thighs with bone and skin', 'reduced-sodium chicken stock or broth', '4 avocados halved and pitted']
2025-04-22 14:00:35,039 - recipe_matcher - INFO - Excluding ingredients: []
2025-04-22 14:00:35,039 - recipe_matcher - INFO - Dietary preferences: []
2025-04-22 14:00:35,039 - recipe_matcher - INFO - Recipe category: rice
2025-04-22 14:00:35,040 - recipe_matcher - INFO - Filtering by category: rice
2025-04-22 14:00:35,040 - recipe_matcher - INFO - No specific category column found, searching across multiple fields
2025-04-22 14:00:35,041 - recipe_matcher - INFO - After category filtering, found 20 recipes
2025-04-22 14:00:35,046 - recipe_matcher - INFO - Returning 0 matching recipes
2025-04-22 14:00:35,047 - __main__ - INFO - Recipe search returned 0 results
2025-04-22 14:00:35,048 - __main__ - INFO - Processing user input: 'I want dinner recipes without onions'
2025-04-22 14:00:35,078 - __main__ - INFO - Parsed query result: Intent=find_recipe, Include=['4 6-ounce black cod fillets with or without skin'], Exclude=['2 onions'], Dietary=[], Category=dinner, Index=None, Name=None
2025-04-22 14:00:35,079 - __main__ - INFO - Searching for recipes with: include=['4 6-ounce black cod fillets with or without skin'], exclude=['2 onions'], dietary=[], category=dinner
2025-04-22 14:00:35,080 - recipe_matcher - INFO - Finding recipes with ingredients: ['4 6-ounce black cod fillets with or without skin']
2025-04-22 14:00:35,080 - recipe_matcher - INFO - Excluding ingredients: ['2 onions']
2025-04-22 14:00:35,080 - recipe_matcher - INFO - Dietary preferences: []
2025-04-22 14:00:35,080 - recipe_matcher - INFO - Recipe category: dinner
2025-04-22 14:00:35,081 - recipe_matcher - INFO - Filtering by category: dinner
2025-04-22 14:00:35,081 - recipe_matcher - INFO - No specific category column found, searching across multiple fields
2025-04-22 14:00:35,083 - recipe_matcher - INFO - After category filtering, found 1 recipes
2025-04-22 14:00:35,090 - recipe_matcher - INFO - Returning 0 matching recipes
2025-04-22 14:00:35,090 - __main__ - INFO - Recipe search returned 0 results
2025-04-22 14:00:35,092 - __main__ - INFO - Processing user input: 'Show me recipe 3'
2025-04-22 14:00:35,101 - __main__ - INFO - Parsed query result: Intent=get_recipe_details, Include=['24 large chiles moritas dried bright red chipotle chiles preferably soft 3 ounces'], Exclude=[], Dietary=[], Category=None, Index=2, Name=3
2025-04-22 14:00:35,103 - __main__ - INFO - Processing user input: 'Give me some breakfast ideas'
2025-04-22 14:00:35,138 - __main__ - INFO - Parsed query result: Intent=find_recipe, Include=[], Exclude=[], Dietary=[], Category=breakfast, Index=None, Name=None
2025-04-22 14:00:35,139 - __main__ - INFO - Searching for recipes with: include=[], exclude=[], dietary=[], category=breakfast
2025-04-22 14:00:35,139 - recipe_matcher - INFO - Finding recipes with ingredients: []
2025-04-22 14:00:35,139 - recipe_matcher - INFO - Excluding ingredients: []
2025-04-22 14:00:35,139 - recipe_matcher - INFO - Dietary preferences: []
2025-04-22 14:00:35,140 - recipe_matcher - INFO - Recipe category: breakfast
2025-04-22 14:00:35,140 - recipe_matcher - INFO - Filtering by category: breakfast
2025-04-22 14:00:35,141 - recipe_matcher - INFO - No specific category column found, searching across multiple fields
2025-04-22 14:00:35,142 - recipe_matcher - INFO - After category filtering, found 5 recipes
2025-04-22 14:00:35,143 - recipe_matcher - INFO - Returning 5 matching recipes
2025-04-22 14:00:35,143 - __main__ - INFO - Recipe search returned 5 results
2025-04-22 14:00:35,144 - __main__ - INFO - Type of matching_df before to_dict: <class 'pandas.core.frame.DataFrame'>
2025-04-22 14:00:35,147 - __main__ - INFO - Processing user input: 'Find low-carb dinner recipes'
2025-04-22 14:00:35,197 - __main__ - INFO - Parsed query result: Intent=find_recipe, Include=[], Exclude=[], Dietary=[], Category=dinner, Index=None, Name=None
2025-04-22 14:00:35,198 - __main__ - INFO - Searching for recipes with: include=[], exclude=[], dietary=[], category=dinner
2025-04-22 14:00:35,198 - recipe_matcher - INFO - Finding recipes with ingredients: []
2025-04-22 14:00:35,199 - recipe_matcher - INFO - Excluding ingredients: []
2025-04-22 14:00:35,199 - recipe_matcher - INFO - Dietary preferences: []
2025-04-22 14:00:35,199 - recipe_matcher - INFO - Recipe category: dinner
2025-04-22 14:00:35,200 - recipe_matcher - INFO - Filtering by category: dinner
2025-04-22 14:00:35,201 - recipe_matcher - INFO - No specific category column found, searching across multiple fields
2025-04-22 14:00:35,202 - recipe_matcher - INFO - After category filtering, found 1 recipes
2025-04-22 14:00:35,204 - recipe_matcher - INFO - Returning 1 matching recipes
2025-04-22 14:00:35,204 - __main__ - INFO - Recipe search returned 1 results
2025-04-22 14:00:35,205 - __main__ - INFO - Type of matching_df before to_dict: <class 'pandas.core.frame.DataFrame'>
2025-04-22 14:01:51,204 - __main__ - INFO - Overriding recipe limit to 1000
2025-04-22 14:01:51,204 - data_loader - INFO - Loading recipe data from D:\chatbot-project\recipe_bot_project\data\recipes_raw_nosource_epi.json
2025-04-22 14:01:51,207 - data_loader - INFO - Detected encoding: ascii with confidence 1.0
2025-04-22 14:01:51,208 - data_loader - INFO - Loading JSON with encoding: ascii
2025-04-22 14:01:51,209 - data_loader - INFO - Detected JSON Object format. Converting to list.
2025-04-22 14:01:51,408 - data_loader - INFO - Limited dataset to 1000 recipes
2025-04-22 14:01:51,409 - data_loader - INFO - Checking and mapping columns...
2025-04-22 14:01:51,409 - data_loader - INFO - Using 'title' for recipe name.
2025-04-22 14:01:51,409 - data_loader - INFO - Using 'ingredients' for ingredients.
2025-04-22 14:01:51,410 - data_loader - INFO - Using 'instructions' for instructions.
2025-04-22 14:01:51,411 - data_loader - INFO - Standardized DataFrame columns: ['name', 'ingredients', 'instructions', 'id']
2025-04-22 14:01:51,412 - data_loader - INFO - Standardized ingredients column to list format.
2025-04-22 14:01:51,457 - data_loader - INFO - Cleaned ingredient text.
2025-04-22 14:01:51,457 - data_loader - INFO - Successfully loaded and processed 1000 recipes in 0.25 seconds
2025-04-22 14:01:51,475 - __main__ - INFO - 'cleaned_ingredients' column not found. Running ingredient cleaning...
2025-04-22 14:01:51,475 - data_cleaner - INFO - Applying cleaning to column 'ingredients' to create 'cleaned_ingredients'
2025-04-22 14:01:54,203 - data_cleaner - INFO - Finished applying cleaning.
2025-04-22 14:01:54,204 - __main__ - INFO - 'cleaned_ingredients' column added.
2025-04-22 14:01:54,204 - __main__ - INFO - Loaded 1000 recipes in 3.00 seconds
2025-04-22 14:01:54,260 - __main__ - INFO - Extracted 5551 unique canonical ingredients
2025-04-22 14:01:54,261 - __main__ - INFO - Processing user input: 'Show me vegetarian meals'
2025-04-22 14:01:54,293 - __main__ - INFO - Parsed query result: Intent=find_recipe, Include=[], Exclude=[], Dietary=['vegetarian'], Category=None, Index=None, Name=None
2025-04-22 14:01:54,293 - __main__ - INFO - Searching for recipes with: include=[], exclude=[], dietary=['vegetarian'], category=None
2025-04-22 14:01:54,293 - recipe_matcher - INFO - Finding recipes with ingredients: []
2025-04-22 14:01:54,293 - recipe_matcher - INFO - Excluding ingredients: []
2025-04-22 14:01:54,294 - recipe_matcher - INFO - Dietary preferences: ['vegetarian']
2025-04-22 14:01:54,294 - recipe_matcher - INFO - Recipe category: None
2025-04-22 14:01:54,304 - recipe_matcher - INFO - Applying dietary preference filter: ['vegetarian']
2025-04-22 14:01:54,523 - recipe_matcher - INFO - Found 744 recipes meeting dietary preferences
2025-04-22 14:01:54,525 - recipe_matcher - INFO - Returning 10 matching recipes
2025-04-22 14:01:54,525 - __main__ - INFO - Recipe search returned 10 results
2025-04-22 14:01:54,525 - __main__ - INFO - Type of matching_df before to_dict: <class 'pandas.core.frame.DataFrame'>
2025-04-22 14:01:54,532 - __main__ - INFO - Processing user input: '3'
2025-04-22 14:01:54,535 - __main__ - INFO - Parsed query result: Intent=get_recipe_details, Include=['3 tablespoons 1 ounces vodka'], Exclude=[], Dietary=[], Category=None, Index=2, Name=None
2025-04-22 14:01:54,629 - __main__ - INFO - Processing user input: 'Find gluten-free desserts'
2025-04-22 14:01:54,665 - __main__ - INFO - Parsed query result: Intent=find_recipe, Include=[], Exclude=[], Dietary=['gluten-free'], Category=dessert, Index=None, Name=None
2025-04-22 14:01:54,665 - __main__ - INFO - Searching for recipes with: include=[], exclude=[], dietary=['gluten-free'], category=dessert
2025-04-22 14:01:54,666 - recipe_matcher - INFO - Finding recipes with ingredients: []
2025-04-22 14:01:54,666 - recipe_matcher - INFO - Excluding ingredients: []
2025-04-22 14:01:54,666 - recipe_matcher - INFO - Dietary preferences: ['gluten-free']
2025-04-22 14:01:54,666 - recipe_matcher - INFO - Recipe category: dessert
2025-04-22 14:01:54,666 - recipe_matcher - INFO - Filtering by category: dessert
2025-04-22 14:01:54,667 - recipe_matcher - INFO - No specific category column found, searching across multiple fields
2025-04-22 14:01:54,674 - recipe_matcher - INFO - After category filtering, found 3 recipes
2025-04-22 14:01:54,675 - recipe_matcher - INFO - Applying dietary preference filter: ['gluten-free']
2025-04-22 14:01:54,677 - recipe_matcher - INFO - Found 3 recipes meeting dietary preferences
2025-04-22 14:01:54,677 - recipe_matcher - INFO - Returning 3 matching recipes
2025-04-22 14:01:54,678 - __main__ - INFO - Recipe search returned 3 results
2025-04-22 14:01:54,678 - __main__ - INFO - Type of matching_df before to_dict: <class 'pandas.core.frame.DataFrame'>
2025-04-22 14:01:54,681 - __main__ - INFO - Processing user input: 'What can I make with chicken and rice'
2025-04-22 14:01:54,687 - __main__ - INFO - Parsed query result: Intent=find_recipe, Include=['readily available at natural foods stores make sure the label reads 90', 'ingredient info lardo is cured fatback often seasoned with herbs and spices it can be found at specialty foods stores and laquerciaus', '1 2 chicken or vegetable stock', '2 1 unbleached all-purpose flour spoon flour into dry-measure cups and level off plus 1 tablespoon'], Exclude=[], Dietary=[], Category=rice, Index=None, Name=None
2025-04-22 14:01:54,688 - __main__ - INFO - Searching for recipes with: include=['readily available at natural foods stores make sure the label reads 90', 'ingredient info lardo is cured fatback often seasoned with herbs and spices it can be found at specialty foods stores and laquerciaus', '1 2 chicken or vegetable stock', '2 1 unbleached all-purpose flour spoon flour into dry-measure cups and level off plus 1 tablespoon'], exclude=[], dietary=[], category=rice
2025-04-22 14:01:54,688 - recipe_matcher - INFO - Finding recipes with ingredients: ['readily available at natural foods stores make sure the label reads 90', 'ingredient info lardo is cured fatback often seasoned with herbs and spices it can be found at specialty foods stores and laquerciaus', '1 2 chicken or vegetable stock', '2 1 unbleached all-purpose flour spoon flour into dry-measure cups and level off plus 1 tablespoon']
2025-04-22 14:01:54,688 - recipe_matcher - INFO - Excluding ingredients: []
2025-04-22 14:01:54,688 - recipe_matcher - INFO - Dietary preferences: []
2025-04-22 14:01:54,689 - recipe_matcher - INFO - Recipe category: rice
2025-04-22 14:01:54,689 - recipe_matcher - INFO - Filtering by category: rice
2025-04-22 14:01:54,689 - recipe_matcher - INFO - No specific category column found, searching across multiple fields
2025-04-22 14:01:54,698 - recipe_matcher - INFO - After category filtering, found 46 recipes
2025-04-22 14:01:54,704 - recipe_matcher - INFO - Returning 0 matching recipes
2025-04-22 14:01:54,704 - __main__ - INFO - Recipe search returned 0 results
2025-04-22 14:01:54,706 - __main__ - INFO - Processing user input: 'I want dinner recipes without onions'
2025-04-22 14:01:54,732 - __main__ - INFO - Parsed query result: Intent=find_recipe, Include=['4 6-ounce black cod fillets with or without skin'], Exclude=['2 onions'], Dietary=[], Category=dinner, Index=None, Name=None
2025-04-22 14:01:54,732 - __main__ - INFO - Searching for recipes with: include=['4 6-ounce black cod fillets with or without skin'], exclude=['2 onions'], dietary=[], category=dinner
2025-04-22 14:01:54,732 - recipe_matcher - INFO - Finding recipes with ingredients: ['4 6-ounce black cod fillets with or without skin']
2025-04-22 14:01:54,733 - recipe_matcher - INFO - Excluding ingredients: ['2 onions']
2025-04-22 14:01:54,733 - recipe_matcher - INFO - Dietary preferences: []
2025-04-22 14:01:54,733 - recipe_matcher - INFO - Recipe category: dinner
2025-04-22 14:01:54,734 - recipe_matcher - INFO - Filtering by category: dinner
2025-04-22 14:01:54,734 - recipe_matcher - INFO - No specific category column found, searching across multiple fields
2025-04-22 14:01:54,742 - recipe_matcher - INFO - After category filtering, found 6 recipes
2025-04-22 14:01:54,744 - recipe_matcher - INFO - Returning 0 matching recipes
2025-04-22 14:01:54,744 - __main__ - INFO - Recipe search returned 0 results
2025-04-22 14:01:54,745 - __main__ - INFO - Processing user input: 'Show me recipe 3'
2025-04-22 14:01:54,754 - __main__ - INFO - Parsed query result: Intent=get_recipe_details, Include=['3 tablespoons 1 ounces vodka'], Exclude=[], Dietary=[], Category=None, Index=2, Name=3
2025-04-22 14:01:54,755 - __main__ - INFO - Processing user input: 'Give me some breakfast ideas'
2025-04-22 14:01:54,783 - __main__ - INFO - Parsed query result: Intent=find_recipe, Include=[], Exclude=[], Dietary=[], Category=breakfast, Index=None, Name=None
2025-04-22 14:01:54,783 - __main__ - INFO - Searching for recipes with: include=[], exclude=[], dietary=[], category=breakfast
2025-04-22 14:01:54,784 - recipe_matcher - INFO - Finding recipes with ingredients: []
2025-04-22 14:01:54,784 - recipe_matcher - INFO - Excluding ingredients: []
2025-04-22 14:01:54,784 - recipe_matcher - INFO - Dietary preferences: []
2025-04-22 14:01:54,784 - recipe_matcher - INFO - Recipe category: breakfast
2025-04-22 14:01:54,785 - recipe_matcher - INFO - Filtering by category: breakfast
2025-04-22 14:01:54,785 - recipe_matcher - INFO - No specific category column found, searching across multiple fields
2025-04-22 14:01:54,793 - recipe_matcher - INFO - After category filtering, found 5 recipes
2025-04-22 14:01:54,794 - recipe_matcher - INFO - Returning 5 matching recipes
2025-04-22 14:01:54,795 - __main__ - INFO - Recipe search returned 5 results
2025-04-22 14:01:54,795 - __main__ - INFO - Type of matching_df before to_dict: <class 'pandas.core.frame.DataFrame'>
2025-04-22 14:01:54,798 - __main__ - INFO - Processing user input: 'Find low-carb dinner recipes'
2025-04-22 14:01:54,839 - __main__ - INFO - Parsed query result: Intent=find_recipe, Include=[], Exclude=[], Dietary=['low-carb'], Category=dinner, Index=None, Name=None
2025-04-22 14:01:54,840 - __main__ - INFO - Searching for recipes with: include=[], exclude=[], dietary=['low-carb'], category=dinner
2025-04-22 14:01:54,840 - recipe_matcher - INFO - Finding recipes with ingredients: []
2025-04-22 14:01:54,841 - recipe_matcher - INFO - Excluding ingredients: []
2025-04-22 14:01:54,841 - recipe_matcher - INFO - Dietary preferences: ['low-carb']
2025-04-22 14:01:54,841 - recipe_matcher - INFO - Recipe category: dinner
2025-04-22 14:01:54,842 - recipe_matcher - INFO - Filtering by category: dinner
2025-04-22 14:01:54,842 - recipe_matcher - INFO - No specific category column found, searching across multiple fields
2025-04-22 14:01:54,850 - recipe_matcher - INFO - After category filtering, found 6 recipes
2025-04-22 14:01:54,851 - recipe_matcher - INFO - Applying dietary preference filter: ['low-carb']
2025-04-22 14:01:54,852 - recipe_matcher - INFO - Found 6 recipes meeting dietary preferences
2025-04-22 14:01:54,852 - recipe_matcher - INFO - Returning 6 matching recipes
2025-04-22 14:01:54,853 - __main__ - INFO - Recipe search returned 6 results
2025-04-22 14:01:54,853 - __main__ - INFO - Type of matching_df before to_dict: <class 'pandas.core.frame.DataFrame'>
2025-04-22 14:11:10,651 - __main__ - INFO - Starting recipe chatbot...
2025-04-22 14:11:10,651 - data_loader - INFO - Loading recipe data from D:\chatbot-project\recipe_bot_project\data\recipes_raw_nosource_epi.json
2025-04-22 14:11:10,653 - data_loader - INFO - Detected encoding: ascii with confidence 1.0
2025-04-22 14:11:10,654 - data_loader - INFO - Loading JSON with encoding: ascii
2025-04-22 14:11:10,655 - data_loader - INFO - Detected JSON Object format. Converting to list.
2025-04-22 14:11:10,890 - data_loader - INFO - Limited dataset to 5000 recipes
2025-04-22 14:11:10,890 - data_loader - INFO - Checking and mapping columns...
2025-04-22 14:11:10,891 - data_loader - INFO - Using 'title' for recipe name.
2025-04-22 14:11:10,891 - data_loader - INFO - Using 'ingredients' for ingredients.
2025-04-22 14:11:10,891 - data_loader - INFO - Using 'instructions' for instructions.
2025-04-22 14:11:10,894 - data_loader - INFO - Standardized DataFrame columns: ['name', 'ingredients', 'instructions', 'id']
2025-04-22 14:11:10,896 - data_loader - INFO - Standardized ingredients column to list format.
2025-04-22 14:11:11,181 - data_loader - INFO - Cleaned ingredient text.
2025-04-22 14:11:11,182 - data_loader - INFO - Successfully loaded and processed 5000 recipes in 0.53 seconds
2025-04-22 14:11:11,201 - __main__ - INFO - 'cleaned_ingredients' column not found. Running ingredient cleaning...
2025-04-22 14:11:11,201 - data_cleaner - INFO - Applying cleaning to column 'ingredients' to create 'cleaned_ingredients'
2025-04-22 14:11:18,645 - data_cleaner - INFO - Finished applying cleaning.
2025-04-22 14:11:18,646 - __main__ - INFO - 'cleaned_ingredients' column added.
2025-04-22 14:11:18,646 - __main__ - INFO - Loaded 5000 recipes in 8.00 seconds
2025-04-22 14:11:18,931 - __main__ - INFO - Extracted 22186 unique canonical ingredients
2025-04-22 14:11:18,932 - __main__ - INFO - Chat loop starting...
2025-04-22 14:31:40,108 - data_loader - INFO - Loading recipe data from D:\chatbot-project\recipe_bot_project\data\recipes_raw_nosource_epi.json
2025-04-22 14:31:40,112 - data_loader - INFO - Detected encoding: ascii with confidence 1.0
2025-04-22 14:31:40,113 - data_loader - INFO - Loading JSON with encoding: ascii
2025-04-22 14:31:40,115 - data_loader - INFO - Detected JSON Object format. Converting to list.
2025-04-22 14:31:40,449 - data_loader - INFO - Limited dataset to 5000 recipes
2025-04-22 14:31:40,449 - data_loader - INFO - Checking and mapping columns...
2025-04-22 14:31:40,450 - data_loader - INFO - Using 'title' for recipe name.
2025-04-22 14:31:40,450 - data_loader - INFO - Using 'ingredients' for ingredients.
2025-04-22 14:31:40,450 - data_loader - INFO - Using 'instructions' for instructions.
2025-04-22 14:31:40,451 - data_loader - INFO - Standardized DataFrame columns: ['name', 'ingredients', 'instructions', 'id']
2025-04-22 14:31:40,452 - data_loader - INFO - Standardized ingredients column to list format.
2025-04-22 14:31:40,741 - data_loader - INFO - Cleaned ingredient text.
2025-04-22 14:31:40,741 - data_loader - INFO - Successfully loaded and processed 5000 recipes in 0.63 seconds
2025-04-22 14:31:40,762 - __main__ - INFO - 'cleaned_ingredients' column not found. Running ingredient cleaning...
2025-04-22 14:31:40,762 - data_cleaner - INFO - Applying cleaning to column 'ingredients' to create 'cleaned_ingredients'
2025-04-22 14:31:48,223 - data_cleaner - INFO - Finished applying cleaning.
2025-04-22 14:31:48,224 - __main__ - INFO - 'cleaned_ingredients' column added.
2025-04-22 14:31:48,224 - __main__ - INFO - Loaded 5000 recipes in 8.12 seconds
2025-04-22 14:31:48,536 - __main__ - INFO - Extracted 22186 unique canonical ingredients
2025-04-22 14:31:48,537 - __main__ - INFO - Processing user input: 'Show me vegetarian meals'
2025-04-22 14:31:48,711 - __main__ - INFO - Parsed query result: Intent=find_recipe, Include=[], Exclude=[], Dietary=['vegetarian'], Category=None, Index=None, Name=None
2025-04-22 14:31:48,712 - __main__ - INFO - Searching for recipes with: include=[], exclude=[], dietary=['vegetarian'], category=None
2025-04-22 14:31:48,712 - recipe_matcher - INFO - Finding recipes with ingredients: []
2025-04-22 14:31:48,712 - recipe_matcher - INFO - Excluding ingredients: []
2025-04-22 14:31:48,712 - recipe_matcher - INFO - Dietary preferences: ['vegetarian']
2025-04-22 14:31:48,712 - recipe_matcher - INFO - Recipe category: None
2025-04-22 14:31:48,726 - recipe_matcher - INFO - Applying dietary preference filter: ['vegetarian']
2025-04-22 14:31:49,876 - recipe_matcher - INFO - Found 3599 recipes meeting dietary preferences
2025-04-22 14:31:49,879 - recipe_matcher - INFO - Returning 10 matching recipes
2025-04-22 14:31:49,879 - __main__ - INFO - Recipe search returned 10 results
2025-04-22 14:31:49,879 - __main__ - INFO - Type of matching_df before to_dict: <class 'pandas.core.frame.DataFrame'>
2025-04-22 14:31:49,885 - __main__ - INFO - Processing user input: '3'
2025-04-22 14:31:49,886 - __main__ - INFO - Parsed query result: Intent=get_recipe_details, Include=[], Exclude=[], Dietary=[], Category=None, Index=2, Name=None
2025-04-22 14:31:49,988 - __main__ - INFO - Processing user input: 'Find gluten-free desserts'
2025-04-22 14:31:50,066 - __main__ - INFO - Parsed query result: Intent=find_recipe, Include=['hotchkiss recommends vases from save-on-crafts which offers both these sizes but you can find similar styles at crate barrel ikea and target'], Exclude=[], Dietary=['gluten-free'], Category=dessert, Index=None, Name=None
2025-04-22 14:31:50,066 - __main__ - INFO - Searching for recipes with: include=['hotchkiss recommends vases from save-on-crafts which offers both these sizes but you can find similar styles at crate barrel ikea and target'], exclude=[], dietary=['gluten-free'], category=dessert
2025-04-22 14:31:50,067 - recipe_matcher - INFO - Finding recipes with ingredients: ['hotchkiss recommends vases from save-on-crafts which offers both these sizes but you can find similar styles at crate barrel ikea and target']
2025-04-22 14:31:50,067 - recipe_matcher - INFO - Excluding ingredients: []
2025-04-22 14:31:50,067 - recipe_matcher - INFO - Dietary preferences: ['gluten-free']
2025-04-22 14:31:50,067 - recipe_matcher - INFO - Recipe category: dessert
2025-04-22 14:31:50,069 - recipe_matcher - INFO - Filtering by category: dessert
2025-04-22 14:31:50,069 - recipe_matcher - INFO - No specific category column found, searching across multiple fields
2025-04-22 14:31:50,107 - recipe_matcher - INFO - After category filtering, found 33 recipes
2025-04-22 14:31:50,108 - recipe_matcher - INFO - Applying dietary preference filter: ['gluten-free']
2025-04-22 14:31:50,114 - recipe_matcher - INFO - Found 24 recipes meeting dietary preferences
2025-04-22 14:31:50,115 - recipe_matcher - INFO - Returning 10 matching recipes
2025-04-22 14:31:50,115 - __main__ - INFO - Recipe search returned 10 results
2025-04-22 14:31:50,116 - __main__ - INFO - Type of matching_df before to_dict: <class 'pandas.core.frame.DataFrame'>
2025-04-22 14:31:50,119 - __main__ - INFO - Processing user input: 'What can I make with chicken and rice'
2025-04-22 14:31:50,120 - __main__ - INFO - Parsed query result: Intent=find_recipe, Include=['chicken', 'rice'], Exclude=[], Dietary=[], Category=None, Index=None, Name=None
2025-04-22 14:31:50,121 - __main__ - INFO - Searching for recipes with: include=['chicken', 'rice'], exclude=[], dietary=[], category=None
2025-04-22 14:31:50,121 - recipe_matcher - INFO - Finding recipes with ingredients: ['chicken', 'rice']
2025-04-22 14:31:50,121 - recipe_matcher - INFO - Excluding ingredients: []
2025-04-22 14:31:50,122 - recipe_matcher - INFO - Dietary preferences: []
2025-04-22 14:31:50,122 - recipe_matcher - INFO - Recipe category: None
2025-04-22 14:31:50,124 - recipe_matcher - INFO - Expanded include ingredients: ['long grain rice', 'chicken broth', 'white rice', 'brown rice', 'chicken thigh', 'chicken leg', 'basmati rice', 'jasmine rice', 'chicken wing', 'chicken', 'rice', 'chicken breast', 'short grain rice', 'chicken stock']
2025-04-22 14:31:50,944 - recipe_matcher - INFO - Returning 10 matching recipes
2025-04-22 14:31:50,945 - __main__ - INFO - Recipe search returned 10 results
2025-04-22 14:31:50,946 - __main__ - INFO - Type of matching_df before to_dict: <class 'pandas.core.frame.DataFrame'>
2025-04-22 14:31:50,951 - __main__ - INFO - Processing user input: 'I want dinner recipes without onions'
2025-04-22 14:31:50,952 - __main__ - INFO - Parsed query result: Intent=find_recipe, Include=[], Exclude=['onion'], Dietary=[], Category=dinner, Index=None, Name=None
2025-04-22 14:31:50,952 - __main__ - INFO - Searching for recipes with: include=[], exclude=['onion'], dietary=[], category=dinner
2025-04-22 14:31:50,952 - recipe_matcher - INFO - Finding recipes with ingredients: []
2025-04-22 14:31:50,953 - recipe_matcher - INFO - Excluding ingredients: ['onion']
2025-04-22 14:31:50,953 - recipe_matcher - INFO - Dietary preferences: []
2025-04-22 14:31:50,953 - recipe_matcher - INFO - Recipe category: dinner
2025-04-22 14:31:50,954 - recipe_matcher - INFO - Filtering by category: dinner
2025-04-22 14:31:50,955 - recipe_matcher - INFO - No specific category column found, searching across multiple fields
2025-04-22 14:31:50,993 - recipe_matcher - INFO - After category filtering, found 21 recipes
2025-04-22 14:31:50,995 - recipe_matcher - INFO - Returning 10 matching recipes
2025-04-22 14:31:50,996 - __main__ - INFO - Recipe search returned 10 results
2025-04-22 14:31:50,996 - __main__ - INFO - Type of matching_df before to_dict: <class 'pandas.core.frame.DataFrame'>
2025-04-22 14:31:51,000 - __main__ - INFO - Processing user input: 'Show me recipe 3'
2025-04-22 14:31:51,062 - __main__ - INFO - Parsed query result: Intent=get_recipe_details, Include=['1 vanilla bean cut crosswise into 3 pieces'], Exclude=[], Dietary=[], Category=None, Index=2, Name=3
2025-04-22 14:31:51,113 - __main__ - INFO - Processing user input: 'Give me some breakfast ideas'
2025-04-22 14:31:51,179 - __main__ - INFO - Parsed query result: Intent=find_recipe, Include=['versa-whip a very precise scale is needed to weigh ingredients in fractions of grams i dont think it makes sense to give volume measurements'], Exclude=[], Dietary=[], Category=breakfast, Index=None, Name=None
2025-04-22 14:31:51,180 - __main__ - INFO - Searching for recipes with: include=['versa-whip a very precise scale is needed to weigh ingredients in fractions of grams i dont think it makes sense to give volume measurements'], exclude=[], dietary=[], category=breakfast
2025-04-22 14:31:51,180 - recipe_matcher - INFO - Finding recipes with ingredients: ['versa-whip a very precise scale is needed to weigh ingredients in fractions of grams i dont think it makes sense to give volume measurements']
2025-04-22 14:31:51,180 - recipe_matcher - INFO - Excluding ingredients: []
2025-04-22 14:31:51,181 - recipe_matcher - INFO - Dietary preferences: []
2025-04-22 14:31:51,181 - recipe_matcher - INFO - Recipe category: breakfast
2025-04-22 14:31:51,182 - recipe_matcher - INFO - Filtering by category: breakfast
2025-04-22 14:31:51,182 - recipe_matcher - INFO - No specific category column found, searching across multiple fields
2025-04-22 14:31:51,220 - recipe_matcher - INFO - After category filtering, found 10 recipes
2025-04-22 14:31:51,222 - recipe_matcher - INFO - Returning 10 matching recipes
2025-04-22 14:31:51,222 - __main__ - INFO - Recipe search returned 10 results
2025-04-22 14:31:51,222 - __main__ - INFO - Type of matching_df before to_dict: <class 'pandas.core.frame.DataFrame'>
2025-04-22 14:31:51,228 - __main__ - INFO - Processing user input: 'Find low-carb dinner recipes'
2025-04-22 14:31:51,391 - __main__ - INFO - Parsed query result: Intent=find_recipe, Include=['hotchkiss recommends vases from save-on-crafts which offers both these sizes but you can find similar styles at crate barrel ikea and target'], Exclude=[], Dietary=['low-carb'], Category=dinner, Index=None, Name=None
2025-04-22 14:31:51,391 - __main__ - INFO - Searching for recipes with: include=['hotchkiss recommends vases from save-on-crafts which offers both these sizes but you can find similar styles at crate barrel ikea and target'], exclude=[], dietary=['low-carb'], category=dinner
2025-04-22 14:31:51,392 - recipe_matcher - INFO - Finding recipes with ingredients: ['hotchkiss recommends vases from save-on-crafts which offers both these sizes but you can find similar styles at crate barrel ikea and target']
2025-04-22 14:31:51,392 - recipe_matcher - INFO - Excluding ingredients: []
2025-04-22 14:31:51,392 - recipe_matcher - INFO - Dietary preferences: ['low-carb']
2025-04-22 14:31:51,392 - recipe_matcher - INFO - Recipe category: dinner
2025-04-22 14:31:51,394 - recipe_matcher - INFO - Filtering by category: dinner
2025-04-22 14:31:51,395 - recipe_matcher - INFO - No specific category column found, searching across multiple fields
2025-04-22 14:31:51,433 - recipe_matcher - INFO - After category filtering, found 21 recipes
2025-04-22 14:31:51,434 - recipe_matcher - INFO - Applying dietary preference filter: ['low-carb']
2025-04-22 14:31:51,435 - recipe_matcher - INFO - Found 21 recipes meeting dietary preferences
2025-04-22 14:31:51,436 - recipe_matcher - INFO - Returning 10 matching recipes
2025-04-22 14:31:51,437 - __main__ - INFO - Recipe search returned 10 results
2025-04-22 14:31:51,437 - __main__ - INFO - Type of matching_df before to_dict: <class 'pandas.core.frame.DataFrame'>
2025-04-22 15:12:24,141 - data_loader - INFO - Loading recipe data from D:\chatbot-project\recipe_bot_project\data\recipes_raw_nosource_epi.json
2025-04-22 15:12:24,144 - data_loader - INFO - Detected encoding: ascii with confidence 1.0
2025-04-22 15:12:24,144 - data_loader - INFO - Loading JSON with encoding: ascii
2025-04-22 15:12:24,146 - data_loader - INFO - Detected JSON Object format. Converting to list.
2025-04-22 15:12:24,422 - data_loader - INFO - Limited dataset to 5000 recipes
2025-04-22 15:12:24,422 - data_loader - INFO - Checking and mapping columns...
2025-04-22 15:12:24,423 - data_loader - INFO - Using 'title' for recipe name.
2025-04-22 15:12:24,423 - data_loader - INFO - Using 'ingredients' for ingredients.
2025-04-22 15:12:24,423 - data_loader - INFO - Using 'instructions' for instructions.
2025-04-22 15:12:24,424 - data_loader - INFO - Standardized DataFrame columns: ['name', 'ingredients', 'instructions', 'id']
2025-04-22 15:12:24,426 - data_loader - INFO - Standardized ingredients column to list format.
2025-04-22 15:12:24,684 - data_loader - INFO - Cleaned ingredient text.
2025-04-22 15:12:24,684 - data_loader - INFO - Successfully loaded and processed 5000 recipes in 0.54 seconds
2025-04-22 15:12:24,710 - main - INFO - 'cleaned_ingredients' column not found. Running ingredient cleaning...
2025-04-22 15:12:24,711 - data_cleaner - INFO - Applying cleaning to column 'ingredients' to create 'cleaned_ingredients'
2025-04-22 15:12:32,408 - data_cleaner - INFO - Finished applying cleaning.
2025-04-22 15:12:32,408 - main - INFO - 'cleaned_ingredients' column added.
2025-04-22 15:12:32,409 - main - INFO - Loaded 5000 recipes in 8.27 seconds
2025-04-22 15:12:32,729 - main - INFO - Extracted 22186 unique canonical ingredients
2025-04-22 15:12:32,814 - werkzeug - INFO - [31m[1mWARNING: This is a development server. Do not use it in a production deployment. Use a production WSGI server instead.[0m
 * Running on http://127.0.0.1:5000
2025-04-22 15:12:32,814 - werkzeug - INFO - [33mPress CTRL+C to quit[0m
2025-04-22 15:12:32,817 - werkzeug - INFO -  * Restarting with stat
2025-04-22 15:12:35,192 - data_loader - INFO - Loading recipe data from D:\chatbot-project\recipe_bot_project\data\recipes_raw_nosource_epi.json
2025-04-22 15:12:35,194 - data_loader - INFO - Detected encoding: ascii with confidence 1.0
2025-04-22 15:12:35,194 - data_loader - INFO - Loading JSON with encoding: ascii
2025-04-22 15:12:35,196 - data_loader - INFO - Detected JSON Object format. Converting to list.
2025-04-22 15:12:35,439 - data_loader - INFO - Limited dataset to 5000 recipes
2025-04-22 15:12:35,440 - data_loader - INFO - Checking and mapping columns...
2025-04-22 15:12:35,440 - data_loader - INFO - Using 'title' for recipe name.
2025-04-22 15:12:35,440 - data_loader - INFO - Using 'ingredients' for ingredients.
2025-04-22 15:12:35,440 - data_loader - INFO - Using 'instructions' for instructions.
2025-04-22 15:12:35,442 - data_loader - INFO - Standardized DataFrame columns: ['name', 'ingredients', 'instructions', 'id']
2025-04-22 15:12:35,443 - data_loader - INFO - Standardized ingredients column to list format.
2025-04-22 15:12:35,692 - data_loader - INFO - Cleaned ingredient text.
2025-04-22 15:12:35,692 - data_loader - INFO - Successfully loaded and processed 5000 recipes in 0.50 seconds
2025-04-22 15:12:35,715 - main - INFO - 'cleaned_ingredients' column not found. Running ingredient cleaning...
2025-04-22 15:12:35,715 - data_cleaner - INFO - Applying cleaning to column 'ingredients' to create 'cleaned_ingredients'
2025-04-22 15:12:43,428 - data_cleaner - INFO - Finished applying cleaning.
2025-04-22 15:12:43,429 - main - INFO - 'cleaned_ingredients' column added.
2025-04-22 15:12:43,429 - main - INFO - Loaded 5000 recipes in 8.24 seconds
2025-04-22 15:12:43,733 - main - INFO - Extracted 22186 unique canonical ingredients
2025-04-22 15:12:43,747 - werkzeug - WARNING -  * Debugger is active!
2025-04-22 15:12:43,752 - werkzeug - INFO -  * Debugger PIN: 664-583-338
2025-04-22 15:13:18,157 - werkzeug - INFO - 127.0.0.1 - - [22/Apr/2025 15:13:18] "GET / HTTP/1.1" 200 -
2025-04-22 15:14:12,490 - data_loader - INFO - Loading recipe data from D:\chatbot-project\recipe_bot_project\data\recipes_raw_nosource_epi.json
2025-04-22 15:14:12,492 - data_loader - INFO - Detected encoding: ascii with confidence 1.0
2025-04-22 15:14:12,493 - data_loader - INFO - Loading JSON with encoding: ascii
2025-04-22 15:14:12,493 - data_loader - INFO - Detected JSON Object format. Converting to list.
2025-04-22 15:14:12,687 - data_loader - INFO - Limited dataset to 5000 recipes
2025-04-22 15:14:12,687 - data_loader - INFO - Checking and mapping columns...
2025-04-22 15:14:12,687 - data_loader - INFO - Using 'title' for recipe name.
2025-04-22 15:14:12,688 - data_loader - INFO - Using 'ingredients' for ingredients.
2025-04-22 15:14:12,688 - data_loader - INFO - Using 'instructions' for instructions.
2025-04-22 15:14:12,689 - data_loader - INFO - Standardized DataFrame columns: ['name', 'ingredients', 'instructions', 'id']
2025-04-22 15:14:12,690 - data_loader - INFO - Standardized ingredients column to list format.
2025-04-22 15:14:12,920 - data_loader - INFO - Cleaned ingredient text.
2025-04-22 15:14:12,920 - data_loader - INFO - Successfully loaded and processed 5000 recipes in 0.43 seconds
2025-04-22 15:14:12,937 - main - INFO - 'cleaned_ingredients' column not found. Running ingredient cleaning...
2025-04-22 15:14:12,937 - data_cleaner - INFO - Applying cleaning to column 'ingredients' to create 'cleaned_ingredients'
2025-04-22 15:14:19,860 - data_cleaner - INFO - Finished applying cleaning.
2025-04-22 15:14:19,860 - main - INFO - 'cleaned_ingredients' column added.
2025-04-22 15:14:19,860 - main - INFO - Loaded 5000 recipes in 7.37 seconds
2025-04-22 15:14:20,171 - main - INFO - Extracted 22186 unique canonical ingredients
2025-04-22 15:14:20,194 - werkzeug - INFO - [31m[1mWARNING: This is a development server. Do not use it in a production deployment. Use a production WSGI server instead.[0m
 * Running on http://127.0.0.1:5000
2025-04-22 15:14:20,194 - werkzeug - INFO - [33mPress CTRL+C to quit[0m
2025-04-22 15:14:20,196 - werkzeug - INFO -  * Restarting with stat
2025-04-22 15:14:22,647 - data_loader - INFO - Loading recipe data from D:\chatbot-project\recipe_bot_project\data\recipes_raw_nosource_epi.json
2025-04-22 15:14:22,650 - data_loader - INFO - Detected encoding: ascii with confidence 1.0
2025-04-22 15:14:22,650 - data_loader - INFO - Loading JSON with encoding: ascii
2025-04-22 15:14:22,652 - data_loader - INFO - Detected JSON Object format. Converting to list.
2025-04-22 15:14:22,930 - data_loader - INFO - Limited dataset to 5000 recipes
2025-04-22 15:14:22,931 - data_loader - INFO - Checking and mapping columns...
2025-04-22 15:14:22,931 - data_loader - INFO - Using 'title' for recipe name.
2025-04-22 15:14:22,931 - data_loader - INFO - Using 'ingredients' for ingredients.
2025-04-22 15:14:22,931 - data_loader - INFO - Using 'instructions' for instructions.
2025-04-22 15:14:22,932 - data_loader - INFO - Standardized DataFrame columns: ['name', 'ingredients', 'instructions', 'id']
2025-04-22 15:14:22,935 - data_loader - INFO - Standardized ingredients column to list format.
2025-04-22 15:14:23,210 - data_loader - INFO - Cleaned ingredient text.
2025-04-22 15:14:23,210 - data_loader - INFO - Successfully loaded and processed 5000 recipes in 0.56 seconds
2025-04-22 15:14:23,234 - main - INFO - 'cleaned_ingredients' column not found. Running ingredient cleaning...
2025-04-22 15:14:23,234 - data_cleaner - INFO - Applying cleaning to column 'ingredients' to create 'cleaned_ingredients'
2025-04-22 15:14:30,469 - data_cleaner - INFO - Finished applying cleaning.
2025-04-22 15:14:30,469 - main - INFO - 'cleaned_ingredients' column added.
2025-04-22 15:14:30,469 - main - INFO - Loaded 5000 recipes in 7.82 seconds
2025-04-22 15:14:30,762 - main - INFO - Extracted 22186 unique canonical ingredients
2025-04-22 15:14:30,775 - werkzeug - WARNING -  * Debugger is active!
2025-04-22 15:14:30,778 - werkzeug - INFO -  * Debugger PIN: 664-583-338
2025-04-22 15:14:44,609 - werkzeug - INFO - 127.0.0.1 - - [22/Apr/2025 15:14:44] "GET / HTTP/1.1" 200 -
2025-04-22 15:32:01,868 - data_loader - INFO - Loading recipe data from D:\chatbot-project\recipe_bot_project\data\recipes_raw_nosource_epi.json
2025-04-22 15:32:01,871 - data_loader - INFO - Detected encoding: ascii with confidence 1.0
2025-04-22 15:32:01,871 - data_loader - INFO - Loading JSON with encoding: ascii
2025-04-22 15:32:01,872 - data_loader - INFO - Detected JSON Object format. Converting to list.
2025-04-22 15:32:02,115 - data_loader - INFO - Limited dataset to 5000 recipes
2025-04-22 15:32:02,115 - data_loader - INFO - Checking and mapping columns...
2025-04-22 15:32:02,115 - data_loader - INFO - Using 'title' for recipe name.
2025-04-22 15:32:02,116 - data_loader - INFO - Using 'ingredients' for ingredients.
2025-04-22 15:32:02,116 - data_loader - INFO - Using 'instructions' for instructions.
2025-04-22 15:32:02,118 - data_loader - INFO - Standardized DataFrame columns: ['name', 'ingredients', 'instructions', 'id']
2025-04-22 15:32:02,119 - data_loader - INFO - Standardized ingredients column to list format.
2025-04-22 15:32:02,367 - data_loader - INFO - Cleaned ingredient text.
2025-04-22 15:32:02,367 - data_loader - INFO - Successfully loaded and processed 5000 recipes in 0.50 seconds
2025-04-22 15:32:02,389 - main - INFO - 'cleaned_ingredients' column not found. Running ingredient cleaning...
2025-04-22 15:32:02,390 - data_cleaner - INFO - Applying cleaning to column 'ingredients' to create 'cleaned_ingredients'
2025-04-22 15:32:09,649 - data_cleaner - INFO - Finished applying cleaning.
2025-04-22 15:32:09,650 - main - INFO - 'cleaned_ingredients' column added.
2025-04-22 15:32:09,650 - main - INFO - Loaded 5000 recipes in 7.78 seconds
2025-04-22 15:32:09,956 - main - INFO - Extracted 22186 unique canonical ingredients
2025-04-22 15:32:09,979 - werkzeug - INFO - [31m[1mWARNING: This is a development server. Do not use it in a production deployment. Use a production WSGI server instead.[0m
 * Running on http://127.0.0.1:5000
2025-04-22 15:32:09,980 - werkzeug - INFO - [33mPress CTRL+C to quit[0m
2025-04-22 15:32:09,982 - werkzeug - INFO -  * Restarting with stat
2025-04-22 15:32:12,388 - data_loader - INFO - Loading recipe data from D:\chatbot-project\recipe_bot_project\data\recipes_raw_nosource_epi.json
2025-04-22 15:32:12,392 - data_loader - INFO - Detected encoding: ascii with confidence 1.0
2025-04-22 15:32:12,392 - data_loader - INFO - Loading JSON with encoding: ascii
2025-04-22 15:32:12,395 - data_loader - INFO - Detected JSON Object format. Converting to list.
2025-04-22 15:32:12,646 - data_loader - INFO - Limited dataset to 5000 recipes
2025-04-22 15:32:12,647 - data_loader - INFO - Checking and mapping columns...
2025-04-22 15:32:12,648 - data_loader - INFO - Using 'title' for recipe name.
2025-04-22 15:32:12,648 - data_loader - INFO - Using 'ingredients' for ingredients.
2025-04-22 15:32:12,649 - data_loader - INFO - Using 'instructions' for instructions.
2025-04-22 15:32:12,650 - data_loader - INFO - Standardized DataFrame columns: ['name', 'ingredients', 'instructions', 'id']
2025-04-22 15:32:12,652 - data_loader - INFO - Standardized ingredients column to list format.
2025-04-22 15:32:12,902 - data_loader - INFO - Cleaned ingredient text.
2025-04-22 15:32:12,902 - data_loader - INFO - Successfully loaded and processed 5000 recipes in 0.51 seconds
2025-04-22 15:32:12,923 - main - INFO - 'cleaned_ingredients' column not found. Running ingredient cleaning...
2025-04-22 15:32:12,923 - data_cleaner - INFO - Applying cleaning to column 'ingredients' to create 'cleaned_ingredients'
2025-04-22 15:32:20,177 - data_cleaner - INFO - Finished applying cleaning.
2025-04-22 15:32:20,178 - main - INFO - 'cleaned_ingredients' column added.
2025-04-22 15:32:20,178 - main - INFO - Loaded 5000 recipes in 7.79 seconds
2025-04-22 15:32:20,477 - main - INFO - Extracted 22186 unique canonical ingredients
2025-04-22 15:32:20,490 - werkzeug - WARNING -  * Debugger is active!
2025-04-22 15:32:20,493 - werkzeug - INFO -  * Debugger PIN: 664-583-338
2025-04-22 16:47:18,647 - werkzeug - INFO - 127.0.0.1 - - [22/Apr/2025 16:47:18] "GET / HTTP/1.1" 200 -
2025-04-22 16:47:18,830 - werkzeug - INFO - 127.0.0.1 - - [22/Apr/2025 16:47:18] "GET /static/css/styles.css HTTP/1.1" 200 -
2025-04-22 16:47:18,843 - werkzeug - INFO - 127.0.0.1 - - [22/Apr/2025 16:47:18] "GET /static/js/main.js HTTP/1.1" 200 -
2025-04-22 16:47:53,467 - main - INFO - Processing user input: 'Find recipes with chicken and rice'
2025-04-22 16:47:53,482 - main - INFO - Parsed query result: Intent=find_recipe, Include=['chicken', 'rice'], Exclude=[], Dietary=[], Category=None, Index=None, Name=None
2025-04-22 16:47:53,483 - main - INFO - Searching for recipes with: include=['chicken', 'rice'], exclude=[], dietary=[], category=None
2025-04-22 16:47:53,484 - recipe_matcher - INFO - Finding recipes with ingredients: ['chicken', 'rice']
2025-04-22 16:47:53,485 - recipe_matcher - INFO - Excluding ingredients: []
2025-04-22 16:47:53,485 - recipe_matcher - INFO - Dietary preferences: []
2025-04-22 16:47:53,485 - recipe_matcher - INFO - Recipe category: None
2025-04-22 16:47:53,562 - recipe_matcher - INFO - Expanded include ingredients: ['chicken broth', 'brown rice', 'long grain rice', 'chicken', 'chicken stock', 'chicken thigh', 'chicken leg', 'chicken wing', 'chicken breast', 'rice', 'basmati rice', 'jasmine rice', 'white rice', 'short grain rice']
2025-04-22 16:47:54,886 - recipe_matcher - INFO - Returning 10 matching recipes
2025-04-22 16:47:54,887 - main - INFO - Recipe search returned 10 results
2025-04-22 16:47:54,887 - main - INFO - Type of matching_df before to_dict: <class 'pandas.core.frame.DataFrame'>
2025-04-22 16:47:54,894 - werkzeug - INFO - 127.0.0.1 - - [22/Apr/2025 16:47:54] "POST /chat HTTP/1.1" 200 -
2025-04-22 16:48:02,245 - werkzeug - INFO - 127.0.0.1 - - [22/Apr/2025 16:48:02] "GET /recipe/1?session_id=session_weao98szrz HTTP/1.1" 200 -
2025-04-22 16:48:46,780 - main - INFO - Processing user input: '9'
2025-04-22 16:48:46,781 - main - INFO - Parsed query result: Intent=get_recipe_details, Include=[], Exclude=[], Dietary=[], Category=None, Index=8, Name=None
2025-04-22 16:48:46,789 - werkzeug - INFO - 127.0.0.1 - - [22/Apr/2025 16:48:46] "POST /chat HTTP/1.1" 200 -
